mode: set
github.com/poonam-wani/gophercises/secret/vault.go:25.48,30.2 1 1
github.com/poonam-wani/gophercises/secret/vault.go:32.30,34.16 2 1
github.com/poonam-wani/gophercises/secret/vault.go:38.2,40.16 3 1
github.com/poonam-wani/gophercises/secret/vault.go:43.2,43.27 1 1
github.com/poonam-wani/gophercises/secret/vault.go:34.16,37.3 2 1
github.com/poonam-wani/gophercises/secret/vault.go:40.16,42.3 1 1
github.com/poonam-wani/gophercises/secret/vault.go:46.50,49.2 2 1
github.com/poonam-wani/gophercises/secret/vault.go:51.30,53.16 2 1
github.com/poonam-wani/gophercises/secret/vault.go:56.2,58.16 3 1
github.com/poonam-wani/gophercises/secret/vault.go:61.2,61.28 1 1
github.com/poonam-wani/gophercises/secret/vault.go:53.16,55.3 1 1
github.com/poonam-wani/gophercises/secret/vault.go:58.16,60.3 1 1
github.com/poonam-wani/gophercises/secret/vault.go:64.51,67.2 2 1
github.com/poonam-wani/gophercises/secret/vault.go:70.46,74.16 4 1
github.com/poonam-wani/gophercises/secret/vault.go:77.2,79.12 3 1
github.com/poonam-wani/gophercises/secret/vault.go:74.16,76.3 1 1
github.com/poonam-wani/gophercises/secret/vault.go:83.49,87.16 4 1
github.com/poonam-wani/gophercises/secret/vault.go:90.2,91.9 2 1
github.com/poonam-wani/gophercises/secret/vault.go:94.2,94.19 1 0
github.com/poonam-wani/gophercises/secret/vault.go:87.16,89.3 1 1
github.com/poonam-wani/gophercises/secret/vault.go:91.9,93.3 1 1
github.com/poonam-wani/gophercises/secret/cipher/cipher.go:26.66,29.16 2 1
github.com/poonam-wani/gophercises/secret/cipher/cipher.go:33.2,33.47 1 1
github.com/poonam-wani/gophercises/secret/cipher/cipher.go:29.16,31.3 1 1
github.com/poonam-wani/gophercises/secret/cipher/cipher.go:37.60,41.61 3 1
github.com/poonam-wani/gophercises/secret/cipher/cipher.go:45.2,46.16 2 1
github.com/poonam-wani/gophercises/secret/cipher/cipher.go:49.2,51.43 2 1
github.com/poonam-wani/gophercises/secret/cipher/cipher.go:41.61,43.3 1 1
github.com/poonam-wani/gophercises/secret/cipher/cipher.go:46.16,48.3 1 1
github.com/poonam-wani/gophercises/secret/cipher/cipher.go:55.75,58.61 2 1
github.com/poonam-wani/gophercises/secret/cipher/cipher.go:61.2,62.16 2 1
github.com/poonam-wani/gophercises/secret/cipher/cipher.go:65.2,66.32 2 1
github.com/poonam-wani/gophercises/secret/cipher/cipher.go:70.2,70.51 1 1
github.com/poonam-wani/gophercises/secret/cipher/cipher.go:58.61,60.3 1 1
github.com/poonam-wani/gophercises/secret/cipher/cipher.go:62.16,64.3 1 1
github.com/poonam-wani/gophercises/secret/cipher/cipher.go:66.32,68.3 1 1
github.com/poonam-wani/gophercises/secret/cipher/cipher.go:73.66,76.16 2 1
github.com/poonam-wani/gophercises/secret/cipher/cipher.go:80.2,80.47 1 1
github.com/poonam-wani/gophercises/secret/cipher/cipher.go:76.16,78.3 1 1
github.com/poonam-wani/gophercises/secret/cipher/cipher.go:84.60,87.16 2 1
github.com/poonam-wani/gophercises/secret/cipher/cipher.go:91.2,91.37 1 1
github.com/poonam-wani/gophercises/secret/cipher/cipher.go:95.2,99.16 4 1
github.com/poonam-wani/gophercises/secret/cipher/cipher.go:104.2,105.32 2 1
github.com/poonam-wani/gophercises/secret/cipher/cipher.go:87.16,89.3 1 1
github.com/poonam-wani/gophercises/secret/cipher/cipher.go:91.37,93.3 1 1
github.com/poonam-wani/gophercises/secret/cipher/cipher.go:99.16,101.3 1 1
github.com/poonam-wani/gophercises/secret/cipher/cipher.go:110.75,114.16 3 1
github.com/poonam-wani/gophercises/secret/cipher/cipher.go:118.2,119.32 2 1
github.com/poonam-wani/gophercises/secret/cipher/cipher.go:123.2,123.51 1 1
github.com/poonam-wani/gophercises/secret/cipher/cipher.go:114.16,116.3 1 1
github.com/poonam-wani/gophercises/secret/cipher/cipher.go:119.32,121.3 1 0
github.com/poonam-wani/gophercises/secret/cipher/cipher.go:127.55,132.2 4 1
github.com/poonam-wani/gophercises/secret/cmd/cli.go:7.13,10.2 1 1
github.com/poonam-wani/gophercises/secret/cmd/cobra/get.go:14.47,20.17 4 1
github.com/poonam-wani/gophercises/secret/cmd/cobra/get.go:24.3,24.36 1 0
github.com/poonam-wani/gophercises/secret/cmd/cobra/get.go:20.17,23.4 2 1
github.com/poonam-wani/gophercises/secret/cmd/cobra/get.go:28.13,30.2 1 1
github.com/poonam-wani/gophercises/secret/cmd/cobra/root.go:18.13,20.2 1 1
github.com/poonam-wani/gophercises/secret/cmd/cobra/root.go:22.27,25.2 2 1
github.com/poonam-wani/gophercises/secret/cmd/cobra/set.go:14.47,18.17 4 1
github.com/poonam-wani/gophercises/secret/cmd/cobra/set.go:21.3,21.40 1 0
github.com/poonam-wani/gophercises/secret/cmd/cobra/set.go:18.17,20.4 1 1
github.com/poonam-wani/gophercises/secret/cmd/cobra/set.go:25.13,27.2 1 1
