mode: set
github.com/poonam-wani/gophercises/image/primitive/primitive.go:41.35,45.2 1 1
github.com/poonam-wani/gophercises/image/primitive/primitive.go:49.97,51.27 2 1
github.com/poonam-wani/gophercises/image/primitive/primitive.go:55.2,56.16 2 1
github.com/poonam-wani/gophercises/image/primitive/primitive.go:59.2,62.16 3 1
github.com/poonam-wani/gophercises/image/primitive/primitive.go:65.2,69.16 3 1
github.com/poonam-wani/gophercises/image/primitive/primitive.go:74.2,75.16 2 1
github.com/poonam-wani/gophercises/image/primitive/primitive.go:80.2,82.16 3 1
github.com/poonam-wani/gophercises/image/primitive/primitive.go:85.2,85.15 1 1
github.com/poonam-wani/gophercises/image/primitive/primitive.go:51.27,53.3 1 1
github.com/poonam-wani/gophercises/image/primitive/primitive.go:56.16,58.3 1 1
github.com/poonam-wani/gophercises/image/primitive/primitive.go:62.16,64.3 1 1
github.com/poonam-wani/gophercises/image/primitive/primitive.go:69.16,71.3 1 1
github.com/poonam-wani/gophercises/image/primitive/primitive.go:75.16,77.3 1 1
github.com/poonam-wani/gophercises/image/primitive/primitive.go:82.16,84.3 1 1
github.com/poonam-wani/gophercises/image/primitive/primitive.go:88.93,94.2 5 1
github.com/poonam-wani/gophercises/image/primitive/primitive.go:96.53,98.16 2 1
github.com/poonam-wani/gophercises/image/primitive/primitive.go:101.2,102.56 2 1
github.com/poonam-wani/gophercises/image/primitive/primitive.go:98.16,100.3 1 1
github.com/poonam-wani/gophercises/image/main.go:36.13,45.2 7 1
github.com/poonam-wani/gophercises/image/main.go:47.59,57.2 3 1
github.com/poonam-wani/gophercises/image/main.go:58.58,61.16 2 1
github.com/poonam-wani/gophercises/image/main.go:65.2,68.19 4 1
github.com/poonam-wani/gophercises/image/main.go:72.2,73.16 2 1
github.com/poonam-wani/gophercises/image/main.go:77.2,78.16 2 1
github.com/poonam-wani/gophercises/image/main.go:82.2,83.16 2 1
github.com/poonam-wani/gophercises/image/main.go:87.2,88.72 2 1
github.com/poonam-wani/gophercises/image/main.go:61.16,64.3 2 1
github.com/poonam-wani/gophercises/image/main.go:68.19,71.3 2 1
github.com/poonam-wani/gophercises/image/main.go:73.16,76.3 2 1
github.com/poonam-wani/gophercises/image/main.go:78.16,81.3 2 1
github.com/poonam-wani/gophercises/image/main.go:83.16,86.3 2 1
github.com/poonam-wani/gophercises/image/main.go:90.58,93.16 2 1
github.com/poonam-wani/gophercises/image/main.go:97.2,100.16 4 1
github.com/poonam-wani/gophercises/image/main.go:104.2,106.16 3 1
github.com/poonam-wani/gophercises/image/main.go:110.2,110.80 1 1
github.com/poonam-wani/gophercises/image/main.go:93.16,96.3 2 1
github.com/poonam-wani/gophercises/image/main.go:100.16,103.3 2 1
github.com/poonam-wani/gophercises/image/main.go:106.16,109.3 2 1
github.com/poonam-wani/gophercises/image/main.go:113.119,121.16 3 1
github.com/poonam-wani/gophercises/image/main.go:127.2,141.27 5 1
github.com/poonam-wani/gophercises/image/main.go:148.2,149.16 2 1
github.com/poonam-wani/gophercises/image/main.go:121.16,125.3 2 1
github.com/poonam-wani/gophercises/image/main.go:141.27,147.3 1 1
github.com/poonam-wani/gophercises/image/main.go:149.16,153.3 2 1
github.com/poonam-wani/gophercises/image/main.go:156.94,164.16 3 1
github.com/poonam-wani/gophercises/image/main.go:170.2,183.27 5 1
github.com/poonam-wani/gophercises/image/main.go:189.2,190.16 2 1
github.com/poonam-wani/gophercises/image/main.go:164.16,168.3 2 1
github.com/poonam-wani/gophercises/image/main.go:183.27,188.3 1 1
github.com/poonam-wani/gophercises/image/main.go:190.16,194.3 2 1
github.com/poonam-wani/gophercises/image/main.go:202.81,204.27 2 1
github.com/poonam-wani/gophercises/image/main.go:212.2,212.17 1 1
github.com/poonam-wani/gophercises/image/main.go:204.27,207.17 3 1
github.com/poonam-wani/gophercises/image/main.go:210.3,210.23 1 1
github.com/poonam-wani/gophercises/image/main.go:207.17,209.4 1 1
github.com/poonam-wani/gophercises/image/main.go:215.92,217.16 2 1
github.com/poonam-wani/gophercises/image/main.go:220.2,221.16 2 1
github.com/poonam-wani/gophercises/image/main.go:224.2,226.28 3 1
github.com/poonam-wani/gophercises/image/main.go:217.16,219.3 1 1
github.com/poonam-wani/gophercises/image/main.go:221.16,223.3 1 1
github.com/poonam-wani/gophercises/image/main.go:229.53,231.16 2 1
github.com/poonam-wani/gophercises/image/main.go:234.2,235.56 2 1
github.com/poonam-wani/gophercises/image/main.go:231.16,233.3 1 1
